[info] Parsed 0 location-dependent features with 0 GeoJSON polygons[0m
[info] Using script /opt/bicycle.lua[0m
[info] Input file: map.osm[0m
[info] Profile: bicycle.lua[0m
[info] Threads: 20[0m
[info] Parsing in progress..[0m
[info] input file generated by openstreetmap-cgimap 2.1.0 (917567 spike-06.openstreetmap.org)[0m
[info] timestamp: n/a[0m
[info] Using profile api version 4[0m
[info] Parse relations ...[0m
[info] Parse ways and nodes ...[0m
[info] Using profile api version 4[0m
[info] Parsing finished after 0.549074 seconds[0m
[info] Raw input contains 21737 nodes, 2564 ways, and 0 relations, 0 restrictions[0m
[info] Collecting way information on 0 restrictions...ok, after 3e-06s[0m
[info] Collecting way information on 0 maneuver overrides...ok, after 9e-06s[0m
[info] Sorting used nodes        ... ok, after 0.00025s[0m
[info] Erasing duplicate nodes   ... ok, after 0.000144s[0m
[info] Sorting all nodes         ... ok, after 0.000348s[0m
[info] Building node id map      ... ok, after 5.5e-05s[0m
[info] Confirming/Writing used nodes     ... ok, after 0.022999s[0m
[info] Writing barrier nodes     ... ok, after 0s[0m
[info] Writing traffic light nodes     ... ok, after 0s[0m
[info] Processed 10124 nodes[0m
[info] Sorting edges by start    ... ok, after 0.000552s[0m
[info] Setting start coords      ... ok, after 0.001321s[0m
[info] Sorting edges by target   ... ok, after 0.000761s[0m
[info] Computing edge weights    ... ok, after 0.004785s[0m
[info] Sorting edges by renumbered start ... ok, after 0.000843s[0m
[info] Writing used edges       ... ok, after 0.009013s -- Processed 12637 edges[0m
[info] Writing way meta-data     ... ok, after 0.00162s -- Metadata contains << 1643 entries.[0m
[info] Collecting node information on 0 maneuver overrides...ok, after 0s[0m
[info] Collecting node information on 0 restrictions...ok, after 0s[0m
[info] writing street name index ... ok, after 0.008162s[0m
[info] extraction finished after 0.628097s[0m
[info] Generating edge-expanded graph representation[0m
[info] . 10% . 20% . 30% . 40% . 50% . 60% . 70% . 80% . 90% . 100%[0m
[info] Node compression ratio: 0.220763[0m
[info] Edge compression ratio: 0.269537[0m
[info]  graph compression removed 1534 annotations of 1643 in 0.000898 seconds[0m
[info] Find segregated edges in node-based graph ...[0m
[info] ok, after 0.013619s[0m
[info] Segregated edges count = 0[0m
[info] Writing nodes for nodes-based and edges-based graphs ...[0m
[info] Geometry successfully removed:
  compressed edges: 5900
  compressed geometries: 21616
  longest chain length: 72
  cmpr ratio: 0.272946
  avg chain length: 3.66373[0m
[info] Removing invalid restrictions...removed 0 invalid restrictions, after 0s[0m
[info] Constructing restriction graph on 0 restrictions...ok, after 2e-06s[0m
[info] Generating edge expanded nodes ... [0m
[info] . 10% . 20% . 30% . 40% . 50% . 60% . 70% . 80% . 90% . 100%[0m
[info] Expanding via-way turn restrictions ... [0m
[info] [0m
[info] Generated 5768 nodes (0 of which are duplicates)  and 10800 segments in edge-expanded graph[0m
[info] Generating edge-expanded edges [0m
[info] [info] Using profile api version 4[0m
[info] Using profile api version 4[0m
[info] Using profile api version 4[0m
[info] Using profile api version 4[0m
[info] Using profile api version 4[0m
[info] Using profile api version 4[0m
[info] Using profile api version 4[0m
[info] Using profile api version 4[0m
[info] Using profile api version 4[0m
[info] Using profile api version 4[0m
[info] Using profile api version 4[0m
[info] Using profile api version 4[0m
[info] Using profile api version 4[0m
[info] Using profile api version 4[0m
[info] Using profile api version 4[0m
[info] Using profile api version 4[0m
[info] Using profile api version 4[0m
[info] Using profile api version 4[0m
. 10% . 20% . 30% . 40% . 50% . 60% . 70% . 80% . 90% .[0m
[info] Sorting and writing 0 maneuver overrides...[0m
[info] done.[0m
[info] Renumbering turns[0m
[info] Writing 0 conditional turn penalties...[0m
[info] Generated 10800 edge based node segments[0m
[info] Node-based graph contains 5755 edges[0m
[info] Edge-expanded graph ...[0m
[info]   contains 11662 edges[0m
[info] Timing statistics for edge-expanded graph:[0m
[info] Renumbering edges: 0.000403s[0m
[info] Generating nodes: 0.017411s[0m
[info] Generating edges: 0.141422s[0m
[info] Generating guidance turns [0m
[info] . 10% . 20% . 30% . 40% . 50% . 60% . 70% . 80% . 90% .[0m
[info] done.[0m
[info] Created 24 entry classes and 774 Bearing Classes[0m
[info] Handled: 0 of 4 lanes: 0 %.[0m
[info] Assigned 15096 turn instruction types:[0m
[info]   new name: 616 (4.08%)[0m
[info]   continue: 708 (4.69%)[0m
[info]   turn: 6926 (45.88%)[0m
[info]   fork: 154 (1.02%)[0m
[info]   end of road: 1606 (10.64%)[0m
[info]   notification: 223 (1.48%)[0m
[info]   enter roundabout: 47 (0.31%)[0m
[info]   enter and exit roundabout: 9 (0.06%)[0m
[info]   enter rotary: 7 (0.05%)[0m
[info]   (noturn): 826 (5.47%)[0m
[info]   (suppressed): 3823 (25.32%)[0m
[info]   roundabout: 9 (0.06%)[0m
[info]   exit roundabout: 62 (0.41%)[0m
[info]   exit rotary: 9 (0.06%)[0m
[info]   (stay on roundabout): 62 (0.41%)[0m
[info]   (sliproad): 9 (0.06%)[0m
[info] Assigned 15096 turn instruction modifiers:[0m
[info]   uturn: 454 (3.01%)[0m
[info]   sharp right: 613 (4.06%)[0m
[info]   right: 3816 (25.28%)[0m
[info]   slight right: 645 (4.27%)[0m
[info]   straight: 4577 (30.32%)[0m
[info]   slight left: 643 (4.26%)[0m
[info]   left: 3773 (24.99%)[0m
[info]   sharp left: 575 (3.81%)[0m
[info] Guidance turn annotations took 0.191826s[0m
[info] Writing Intersection Classification Data[0m
[info] ok, after 0.008401s[0m
[info] Writing Turns and Lane Data...[0m
[info] ok, after 0.022518s[0m
[info] Saving edge-based node weights to file.[0m
[info] Done writing. (0.015353)[0m
[info] Computing strictly connected components ...[0m
[info] Found 57 SCC (1 large, 56 small)[0m
[info] SCC run took: 0.000468693s[0m
[info] Building r-tree ...[0m
[info] Constructing r-tree of 10800 segments build on-top of 10124 coordinates[0m
[info] finished r-tree construction in 0.111673 seconds[0m
[info] Writing edge-based-graph edges       ... [0m
[info] ok, after 0.088391s[0m
[info] Processed 11662 edges[0m
[info] Expansion: 16523 nodes/sec and 9414 edges/sec[0m
[info] To prepare the data for routing, run: ./osrm-contract "/data/map.osrm"[0m
[info] RAM: peak bytes used: 62337024[0m

