[info] Parsed 0 location-dependent features with 0 GeoJSON polygons[0m
[info] Using script /opt/car.lua[0m
[info] Input file: map.osm[0m
[info] Profile: car.lua[0m
[info] Threads: 20[0m
[info] Parsing in progress..[0m
[info] input file generated by openstreetmap-cgimap 2.1.0 (917567 spike-06.openstreetmap.org)[0m
[info] timestamp: n/a[0m
[info] Using profile api version 4[0m
[info] Found 3 turn restriction tags:[0m
[info]   motorcar[0m
[info]   motor_vehicle[0m
[info]   vehicle[0m
[info] Parse relations ...[0m
[info] Parse ways and nodes ...[0m
[info] Using profile api version 4[0m
[info] Parsing finished after 0.568985 seconds[0m
[info] Raw input contains 21737 nodes, 2564 ways, and 14 relations, 12 restrictions[0m
[info] Collecting way information on 12 restrictions...ok, after 2.5e-05s[0m
[info] Collecting way information on 0 maneuver overrides...ok, after 1.5e-05s[0m
[info] Sorting used nodes        ... ok, after 0.000993s[0m
[info] Erasing duplicate nodes   ... ok, after 2.3e-05s[0m
[info] Sorting all nodes         ... ok, after 0.000634s[0m
[info] Building node id map      ... ok, after 5.1e-05s[0m
[info] Confirming/Writing used nodes     ... ok, after 0.013652s[0m
[info] Writing barrier nodes     ... ok, after 0s[0m
[info] Writing traffic light nodes     ... ok, after 0s[0m
[info] Processed 4796 nodes[0m
[info] Sorting edges by start    ... ok, after 0.000183s[0m
[info] Setting start coords      ... ok, after 0.000216s[0m
[info] Sorting edges by target   ... ok, after 0.000194s[0m
[info] Computing edge weights    ... ok, after 0.000788s[0m
[info] Sorting edges by renumbered start ... ok, after 0.00015s[0m
[info] Writing used edges       ... ok, after 0.006073s -- Processed 5092 edges[0m
[info] Writing way meta-data     ... ok, after 0.001372s -- Metadata contains << 754 entries.[0m
[info] Collecting node information on 0 maneuver overrides...ok, after 0s[0m
[info] Collecting node information on 12 restrictions...ok, after 3.2e-05s[0m
[info] writing street name index ... ok, after 0.031655s[0m
[info] extraction finished after 0.649039s[0m
[info] Generating edge-expanded graph representation[0m
[info] . 10% . 20% . 30% . 40% . 50% . 60% . 70% . 80% . 90% . 100%[0m
[info] Node compression ratio: 0.222269[0m
[info] Edge compression ratio: 0.267478[0m
[info]  graph compression removed 660 annotations of 754 in 0.000747 seconds[0m
[info] Find segregated edges in node-based graph ...[0m
[info] ok, after 0.037531s[0m
[info] Segregated edges count = 69[0m
[info] Writing nodes for nodes-based and edges-based graphs ...[0m
[info] Geometry successfully removed:
  compressed edges: 2800
  compressed geometries: 10200
  longest chain length: 71
  cmpr ratio: 0.27451
  avg chain length: 3.64286[0m
[info] Removing invalid restrictions...removed 0 invalid restrictions, after 4e-06s[0m
[info] Constructing restriction graph on 11 restrictions...ok, after 7e-06s[0m
[info] Generating edge expanded nodes ... [0m
[info] . 10% . 20% . 30% . 40% . 50% . 60% . 70% . 80% . 90% . 100%[0m
[info] Expanding via-way turn restrictions ... [0m
[info] [0m
[info] Generated 2286 nodes (0 of which are duplicates)  and 5092 segments in edge-expanded graph[0m
[info] Generating edge-expanded edges [0m
[info] [info] Using profile api version 4[0m
[info] Using profile api version 4[0m
[info] Using profile api version 4[0m
[info] Using profile api version 4[0m
[info] Using profile api version 4[0m
[info] Using profile api version 4[0m
[info] Using profile api version 4[0m
[info] Using profile api version 4[0m
[info] Using profile api version 4[0m
[info] Using profile api version 4[0m
[info] Using profile api version 4[0m
[info] Using profile api version 4[0m
[info] Using profile api version 4[0m
[info] Using profile api version 4[0m
[info] Using profile api version 4[0m
[info] Using profile api version 4[0m
[info] Using profile api version 4[0m
[info] Using profile api version 4[0m
. 10% . 20% . 30% . 40% . 50% . 60% . 70% . 80% . 90% . 100% [0m
[info] Sorting and writing 0 maneuver overrides...[0m
[info] done.[0m
[info] Renumbering turns[0m
[info] Writing 0 conditional turn penalties...[0m
[info] Generated 5092 edge based node segments[0m
[info] Node-based graph contains 2281 edges[0m
[info] Edge-expanded graph ...[0m
[info]   contains 4158 edges[0m
[info] Timing statistics for edge-expanded graph:[0m
[info] Renumbering edges: 7.2e-05s[0m
[info] Generating nodes: 0.011216s[0m
[info] Generating edges: 0.101771s[0m
[info] Generating guidance turns [0m
[info] . 10% . 20% . 30% . 40% . 50% . 60% . 70% . 80% . 90% . 100% [0m
[info] done.[0m
[info] Created 26 entry classes and 448 Bearing Classes[0m
[info] Handled: 0 of 10 lanes: 0 %.[0m
[info] Assigned 5076 turn instruction types:[0m
[info]   new name: 328 (6.46%)[0m
[info]   continue: 299 (5.89%)[0m
[info]   turn: 1986 (39.13%)[0m
[info]   fork: 51 (1.00%)[0m
[info]   end of road: 731 (14.40%)[0m
[info]   enter roundabout: 22 (0.43%)[0m
[info]   enter and exit roundabout: 7 (0.14%)[0m
[info]   enter rotary: 4 (0.08%)[0m
[info]   (noturn): 230 (4.53%)[0m
[info]   (suppressed): 1328 (26.16%)[0m
[info]   roundabout: 7 (0.14%)[0m
[info]   exit roundabout: 31 (0.61%)[0m
[info]   exit rotary: 4 (0.08%)[0m
[info]   (stay on roundabout): 35 (0.69%)[0m
[info]   (sliproad): 13 (0.26%)[0m
[info] Assigned 5076 turn instruction modifiers:[0m
[info]   uturn: 240 (4.73%)[0m
[info]   sharp right: 102 (2.01%)[0m
[info]   right: 1294 (25.49%)[0m
[info]   slight right: 211 (4.16%)[0m
[info]   straight: 1700 (33.49%)[0m
[info]   slight left: 173 (3.41%)[0m
[info]   left: 1246 (24.55%)[0m
[info]   sharp left: 110 (2.17%)[0m
[info] Guidance turn annotations took 0.173391s[0m
[info] Writing Intersection Classification Data[0m
[info] ok, after 0.008324s[0m
[info] Writing Turns and Lane Data...[0m
[info] ok, after 0.024806s[0m
[info] Saving edge-based node weights to file.[0m
[info] Done writing. (0.014135)[0m
[info] Computing strictly connected components ...[0m
[info] Found 71 SCC (1 large, 70 small)[0m
[info] SCC run took: 0.000209922s[0m
[info] Building r-tree ...[0m
[info] Constructing r-tree of 5092 segments build on-top of 4796 coordinates[0m
[info] finished r-tree construction in 0.082656 seconds[0m
[info] Writing edge-based-graph edges       ... [0m
[info] ok, after 0.036048s[0m
[info] Processed 4158 edges[0m
[info] Expansion: 9451 nodes/sec and 4504 edges/sec[0m
[info] To prepare the data for routing, run: ./osrm-contract "/data/map.osrm"[0m
[info] RAM: peak bytes used: 59187200[0m

