[info] Parsed 0 location-dependent features with 0 GeoJSON polygons[0m
[info] Using script /opt/foot.lua[0m
[info] Input file: map.osm[0m
[info] Profile: foot.lua[0m
[info] Threads: 20[0m
[info] Parsing in progress..[0m
[info] input file generated by openstreetmap-cgimap 2.1.0 (917567 spike-06.openstreetmap.org)[0m
[info] timestamp: n/a[0m
[info] Using profile api version 2[0m
[info] Parse relations ...[0m
[info] Parse ways and nodes ...[0m
[info] Using profile api version 2[0m
[info] Parsing finished after 0.598174 seconds[0m
[info] Raw input contains 21737 nodes, 2564 ways, and 0 relations, 0 restrictions[0m
[info] Collecting way information on 0 restrictions...ok, after 3e-06s[0m
[info] Collecting way information on 0 maneuver overrides...ok, after 1e-05s[0m
[info] Sorting used nodes        ... ok, after 0.000192s[0m
[info] Erasing duplicate nodes   ... ok, after 2.2e-05s[0m
[info] Sorting all nodes         ... ok, after 0.000313s[0m
[info] Building node id map      ... ok, after 2.2e-05s[0m
[info] Confirming/Writing used nodes     ... ok, after 0.019564s[0m
[info] Writing barrier nodes     ... ok, after 0s[0m
[info] Writing traffic light nodes     ... ok, after 0s[0m
[info] Processed 10153 nodes[0m
[info] Sorting edges by start    ... ok, after 0.000402s[0m
[info] Setting start coords      ... ok, after 0.000756s[0m
[info] Sorting edges by target   ... ok, after 0.000812s[0m
[info] Computing edge weights    ... ok, after 0.003757s[0m
[info] Sorting edges by renumbered start ... ok, after 0.000535s[0m
[info] Writing used edges       ... ok, after 0.010764s -- Processed 10837 edges[0m
[info] Writing way meta-data     ... ok, after 0.001804s -- Metadata contains << 1433 entries.[0m
[info] Collecting node information on 0 maneuver overrides...ok, after 0s[0m
[info] Collecting node information on 0 restrictions...ok, after 0s[0m
[info] writing street name index ... ok, after 0.009984s[0m
[info] extraction finished after 0.667729s[0m
[info] Generating edge-expanded graph representation[0m
[info] . 10% . 20% . 30% . 40% . 50% . 60% . 70% . 80% . 90% . 100%[0m
[info] Node compression ratio: 0.218556[0m
[info] Edge compression ratio: 0.267879[0m
[info]  graph compression removed 1347 annotations of 1433 in 0.000985 seconds[0m
[info] Find segregated edges in node-based graph ...[0m
[info] ok, after 0.012362s[0m
[info] Segregated edges count = 0[0m
[info] Writing nodes for nodes-based and edges-based graphs ...[0m
[info] Geometry successfully removed:
  compressed edges: 5900
  compressed geometries: 21690
  longest chain length: 72
  cmpr ratio: 0.272015
  avg chain length: 3.67627[0m
[info] Removing invalid restrictions...removed 0 invalid restrictions, after 1e-06s[0m
[info] Constructing restriction graph on 0 restrictions...ok, after 4e-06s[0m
[info] Generating edge expanded nodes ... [0m
[info] . 10% . 20% . 30% . 40% . 50% . 60% . 70% . 80% . 90% . 100%[0m
[info] Expanding via-way turn restrictions ... [0m
[info] [0m
[info] Generated 5806 nodes (0 of which are duplicates)  and 10837 segments in edge-expanded graph[0m
[info] Generating edge-expanded edges [0m
[info] [info] Using profile api version 2[0m
[info] Using profile api version 2[0m
[info] Using profile api version 2[0m
[info] Using profile api version 2[0m
[info] Using profile api version 2[0m
[info] Using profile api version 2[0m
[info] Using profile api version 2[0m
[info] Using profile api version 2[0m
[info] Using profile api version 2[0m
[info] Using profile api version 2[0m
[info] Using profile api version 2[0m
[info] Using profile api version 2[0m
[info] Using profile api version 2[0m
[info] Using profile api version 2[0m
[info] Using profile api version 2[0m
[info] Using profile api version 2[0m
[info] Using profile api version 2[0m
[info] Using profile api version 2[0m
. 10% . 20% . 30% . 40% . 50% . 60% . 70% . 80% . 90% .[0m
[info] Sorting and writing 0 maneuver overrides...[0m
[info] done.[0m
[info] Renumbering turns[0m
[info] Writing 0 conditional turn penalties...[0m
[info] Generated 10837 edge based node segments[0m
[info] Node-based graph contains 5793 edges[0m
[info] Edge-expanded graph ...[0m
[info]   contains 11872 edges[0m
[info] Timing statistics for edge-expanded graph:[0m
[info] Renumbering edges: 0.000486s[0m
[info] Generating nodes: 0.019748s[0m
[info] Generating edges: 0.127887s[0m
[info] Generating guidance turns [0m
[info] . 10% . 20% . 30% . 40% . 50% . 60% . 70% . 80% . 90% .[0m
[info] done.[0m
[info] Created 20 entry classes and 777 Bearing Classes[0m
[info] Handled: 0 of 9 lanes: 0 %.[0m
[info] Assigned 15443 turn instruction types:[0m
[info]   new name: 636 (4.12%)[0m
[info]   continue: 758 (4.91%)[0m
[info]   turn: 7126 (46.14%)[0m
[info]   fork: 290 (1.88%)[0m
[info]   end of road: 1644 (10.65%)[0m
[info]   (noturn): 927 (6.00%)[0m
[info]   (suppressed): 4041 (26.17%)[0m
[info]   (sliproad): 21 (0.14%)[0m
[info] Assigned 15443 turn instruction modifiers:[0m
[info]   uturn: 449 (2.91%)[0m
[info]   sharp right: 620 (4.01%)[0m
[info]   right: 3874 (25.09%)[0m
[info]   slight right: 728 (4.71%)[0m
[info]   straight: 4530 (29.33%)[0m
[info]   slight left: 725 (4.69%)[0m
[info]   left: 3885 (25.16%)[0m
[info]   sharp left: 632 (4.09%)[0m
[info] Guidance turn annotations took 0.168784s[0m
[info] Writing Intersection Classification Data[0m
[info] ok, after 0.009386s[0m
[info] Writing Turns and Lane Data...[0m
[info] ok, after 0.026257s[0m
[info] Saving edge-based node weights to file.[0m
[info] Done writing. (0.019262)[0m
[info] Computing strictly connected components ...[0m
[info] Found 57 SCC (1 large, 56 small)[0m
[info] SCC run took: 0.000434072s[0m
[info] Building r-tree ...[0m
[info] Constructing r-tree of 10837 segments build on-top of 10153 coordinates[0m
[info] finished r-tree construction in 0.114153 seconds[0m
[info] Writing edge-based-graph edges       ... [0m
[info] ok, after 0.088961s[0m
[info] Processed 11872 edges[0m
[info] Expansion: 17381 nodes/sec and 9939 edges/sec[0m
[info] To prepare the data for routing, run: ./osrm-contract "/data/map.osrm"[0m
[info] RAM: peak bytes used: 58753024[0m

